<?xml version="1.0" encoding="UTF-8"?>
<testng-results skipped="0" failed="0" ignored="0" total="1" passed="1">
  <reporter-output>
  </reporter-output>
  <suite name="New Framework" duration-ms="10236" started-at="2022-04-25T09:22:51 IST" finished-at="2022-04-25T09:23:01 IST">
    <groups>
    </groups>
    <test name="WWEUI" duration-ms="10236" started-at="2022-04-25T09:22:51 IST" finished-at="2022-04-25T09:23:01 IST">
      <class name="com.qa.test.testcases.LoginPageTest">
        <test-method status="PASS" signature="setup()[pri:0, instance:com.qa.test.testcases.LoginPageTest@6a03bcb1]" name="setup" is-config="true" duration-ms="6468" started-at="2022-04-25T09:22:51 IST" finished-at="2022-04-25T09:22:57 IST">
          <reporter-output>
          </reporter-output>
        </test-method> <!-- setup -->
        <test-method status="PASS" signature="login()[pri:1, instance:com.qa.test.testcases.LoginPageTest@6a03bcb1]" name="login" duration-ms="3749" started-at="2022-04-25T09:22:57 IST" finished-at="2022-04-25T09:23:01 IST">
          <reporter-output>
          </reporter-output>
        </test-method> <!-- login -->
        <test-method status="PASS" signature="AfterSuite()[pri:0, instance:com.qa.test.testcases.LoginPageTest@6a03bcb1]" name="AfterSuite" is-config="true" duration-ms="989" started-at="2022-04-25T09:23:01 IST" finished-at="2022-04-25T09:23:02 IST">
          <reporter-output>
          </reporter-output>
        </test-method> <!-- AfterSuite -->
      </class> <!-- com.qa.test.testcases.LoginPageTest -->
    </test> <!-- WWEUI -->
  </suite> <!-- New Framework -->
</testng-results>
