<?xml version="1.0" encoding="UTF-8"?>
<testng-results skipped="0" failed="0" ignored="0" total="1" passed="1">
  <reporter-output>
  </reporter-output>
  <suite name="New Framework" duration-ms="11476" started-at="2022-03-01T16:40:18 IST" finished-at="2022-03-01T16:40:30 IST">
    <groups>
    </groups>
    <test name="WWEUI" duration-ms="11476" started-at="2022-03-01T16:40:18 IST" finished-at="2022-03-01T16:40:30 IST">
      <class name="com.qa.test.testcases.LoginPageTest">
        <test-method status="PASS" signature="setup()[pri:0, instance:com.qa.test.testcases.LoginPageTest@df27fae]" name="setup" is-config="true" duration-ms="7878" started-at="2022-03-01T16:40:18 IST" finished-at="2022-03-01T16:40:26 IST">
          <reporter-output>
          </reporter-output>
        </test-method> <!-- setup -->
        <test-method status="PASS" signature="login()[pri:1, instance:com.qa.test.testcases.LoginPageTest@df27fae]" name="login" duration-ms="3567" started-at="2022-03-01T16:40:26 IST" finished-at="2022-03-01T16:40:30 IST">
          <reporter-output>
          </reporter-output>
        </test-method> <!-- login -->
        <test-method status="PASS" signature="AfterSuite()[pri:0, instance:com.qa.test.testcases.LoginPageTest@df27fae]" name="AfterSuite" is-config="true" duration-ms="1023" started-at="2022-03-01T16:40:30 IST" finished-at="2022-03-01T16:40:31 IST">
          <reporter-output>
          </reporter-output>
        </test-method> <!-- AfterSuite -->
      </class> <!-- com.qa.test.testcases.LoginPageTest -->
    </test> <!-- WWEUI -->
  </suite> <!-- New Framework -->
</testng-results>
